SF:lib/cubits/bible_cubit/bible_state.dart
DA:7,7
DA:9,0
DA:10,0
DA:13,0
DA:14,0
DA:18,6
LF:6
LH:2
end_of_record
SF:lib/cubits/bible_cubit/bible_cubit.dart
DA:10,0
DA:11,0
DA:12,0
DA:14,0
DA:16,0
DA:17,0
DA:19,0
DA:23,0
DA:25,0
DA:26,0
LF:10
LH:0
end_of_record
SF:lib/cubits/comment_cubit/comment_state.dart
DA:10,0
DA:12,0
DA:18,0
DA:19,0
DA:20,0
DA:21,0
DA:22,0
DA:26,0
DA:27,0
LF:9
LH:0
end_of_record
SF:lib/cubits/comment_cubit/comment_cubit.dart
DA:13,0
DA:14,0
DA:15,0
DA:17,0
DA:18,0
DA:21,0
DA:22,0
DA:25,0
DA:26,0
DA:29,0
DA:30,0
LF:11
LH:0
end_of_record
SF:lib/cubits/ebulletin_cubit/ebulletin_state.dart
DA:7,0
DA:9,0
DA:10,0
DA:13,0
DA:14,0
DA:18,0
DA:19,0
DA:20,0
LF:8
LH:0
end_of_record
SF:lib/cubits/ebulletin_cubit/ebulletin_cubit.dart
DA:12,0
DA:13,0
DA:14,0
DA:16,0
DA:17,0
DA:18,0
LF:6
LH:0
end_of_record
SF:lib/cubits/housechurch_cubit/housechurch_state.dart
DA:7,1
DA:9,0
DA:10,0
DA:13,0
DA:14,0
DA:18,0
LF:6
LH:1
end_of_record
SF:lib/cubits/housechurch_cubit/housechurch_cubit.dart
DA:12,0
DA:13,0
DA:14,0
DA:16,0
DA:17,0
DA:18,0
LF:6
LH:0
end_of_record
SF:lib/cubits/leader_cubit/leader_state.dart
DA:7,1
DA:9,0
DA:10,0
DA:13,0
DA:14,0
DA:18,0
LF:6
LH:1
end_of_record
SF:lib/cubits/leader_cubit/leader_cubit.dart
DA:13,0
DA:14,0
DA:15,0
DA:17,0
DA:18,0
DA:19,0
LF:6
LH:0
end_of_record
SF:lib/cubits/message_cubit/message_cubit.dart
DA:12,0
DA:13,0
DA:14,0
DA:16,0
DA:17,0
DA:18,0
DA:21,0
DA:22,0
LF:8
LH:0
end_of_record
SF:lib/cubits/message_cubit/message_state.dart
DA:7,7
DA:9,0
DA:10,0
DA:13,0
DA:14,0
DA:18,6
LF:6
LH:2
end_of_record
SF:lib/cubits/worship_cubit/worship_cubit.dart
DA:12,0
DA:13,0
DA:14,0
DA:16,0
DA:17,0
DA:18,0
LF:6
LH:0
end_of_record
SF:lib/cubits/worship_cubit/worship_state.dart
DA:7,0
DA:9,0
DA:10,0
DA:13,0
DA:14,0
DA:18,0
DA:19,0
DA:20,0
LF:8
LH:0
end_of_record
SF:lib/client/bible_query.dart
DA:8,0
DA:10,0
DA:12,0
DA:13,0
DA:14,0
DA:16,0
DA:17,0
DA:18,0
DA:20,0
DA:21,0
DA:23,0
DA:26,0
DA:27,0
DA:30,0
DA:31,0
LF:15
LH:0
end_of_record
SF:lib/client/firebase_client.dart
DA:4,0
DA:5,0
DA:6,0
DA:9,0
DA:10,0
DA:11,0
DA:14,0
DA:15,0
DA:16,0
DA:18,0
DA:19,0
LF:11
LH:0
end_of_record
SF:lib/service/nova_service.dart
DA:13,0
DA:16,0
DA:17,0
DA:21,0
DA:22,0
DA:23,0
DA:27,0
DA:28,0
DA:29,0
DA:33,0
DA:34,0
DA:36,0
DA:43,0
DA:44,0
DA:46,0
DA:53,0
DA:54,0
DA:56,0
LF:18
LH:0
end_of_record
SF:lib/pages/belief_screen.dart
DA:9,1
DA:19,1
DA:21,1
DA:22,1
DA:23,1
DA:24,1
DA:25,2
DA:26,1
DA:27,2
DA:28,1
DA:29,2
DA:30,1
DA:31,2
LF:13
LH:13
end_of_record
SF:lib/constants/connect_with_us_widgets.dart
DA:15,6
DA:22,1
DA:24,1
DA:25,1
DA:26,1
DA:27,1
DA:28,1
DA:29,2
DA:31,1
DA:32,1
DA:33,2
DA:45,2
DA:52,2
DA:54,2
DA:55,2
DA:56,2
DA:58,2
DA:59,2
DA:60,4
DA:63,2
DA:64,2
DA:65,2
DA:66,2
DA:67,2
DA:68,2
DA:80,1
DA:86,1
DA:88,1
DA:89,0
DA:90,1
DA:93,1
DA:94,1
DA:95,3
LF:33
LH:32
end_of_record
SF:lib/constants/screen_wrapper.dart
DA:8,6
DA:10,6
DA:12,6
DA:15,6
LF:4
LH:4
end_of_record
SF:lib/constants/spacing.dart
DA:6,8
DA:8,6
LF:2
LH:2
end_of_record
SF:lib/constants/bars.dart
DA:6,6
DA:10,6
DA:12,6
DA:13,6
DA:14,6
DA:15,0
DA:19,6
DA:20,0
DA:28,6
DA:29,0
DA:30,6
DA:39,6
DA:44,6
DA:46,6
DA:48,6
DA:52,6
DA:53,6
DA:54,0
DA:59,6
DA:60,0
DA:65,6
DA:66,0
DA:73,6
DA:74,0
DA:79,6
DA:80,0
LF:26
LH:18
end_of_record
SF:lib/constants/text_styles.dart
DA:5,18
LF:1
LH:1
end_of_record
SF:lib/constants/url_launch_function.dart
DA:4,0
DA:5,0
DA:6,0
DA:7,0
LF:4
LH:0
end_of_record
SF:lib/constants/sub_titles.dart
DA:9,2
DA:16,2
DA:18,2
DA:19,2
DA:20,2
DA:21,2
DA:22,2
DA:32,0
DA:38,0
DA:40,0
DA:41,0
DA:42,0
DA:43,0
DA:44,0
LF:14
LH:7
end_of_record
SF:lib/constants/url_launching_widgets.dart
DA:12,0
DA:18,0
DA:20,0
DA:21,0
DA:22,0
DA:23,0
DA:24,0
DA:26,0
DA:27,0
DA:34,6
DA:43,1
DA:45,1
DA:46,0
DA:47,1
DA:48,1
DA:49,2
LF:16
LH:6
end_of_record
SF:lib/models/comment.dart
DA:18,0
DA:36,0
DA:37,0
DA:38,0
DA:39,0
DA:40,0
DA:41,0
DA:42,0
DA:43,0
DA:44,0
DA:45,0
DA:46,0
DA:47,0
DA:48,0
DA:49,0
DA:50,0
DA:51,0
LF:17
LH:0
end_of_record
SF:lib/models/ebulletin.dart
DA:5,0
DA:7,0
DA:8,0
DA:9,0
LF:4
LH:0
end_of_record
SF:lib/models/housechurch.dart
DA:8,1
DA:15,0
DA:16,0
DA:17,0
DA:18,0
DA:19,0
DA:20,0
LF:7
LH:1
end_of_record
SF:lib/models/leader.dart
DA:7,1
DA:13,0
DA:14,0
DA:15,0
DA:16,0
DA:17,0
LF:6
LH:1
end_of_record
SF:lib/models/message.dart
DA:6,1
DA:11,0
DA:12,0
DA:13,0
DA:14,0
LF:5
LH:1
end_of_record
SF:lib/models/worship_details.dart
DA:10,0
DA:19,0
DA:20,0
DA:21,0
DA:22,0
DA:23,0
DA:24,0
DA:25,0
DA:26,0
LF:9
LH:0
end_of_record
SF:lib/pages/learn_screen.dart
DA:12,1
DA:14,1
DA:16,1
DA:17,1
DA:18,1
DA:19,1
DA:20,1
DA:21,1
DA:23,2
DA:35,1
DA:36,1
DA:37,1
DA:38,1
DA:40,1
LF:14
LH:14
end_of_record
SF:lib/pages/bible_lookup_screen.dart
DA:14,1
DA:18,1
DA:20,1
DA:21,1
DA:22,1
DA:23,1
DA:24,2
DA:25,2
DA:26,3
DA:33,1
DA:35,1
DA:37,1
DA:38,1
DA:39,1
DA:40,1
DA:42,1
DA:44,2
DA:47,1
DA:49,1
DA:50,1
DA:51,2
DA:61,1
DA:62,1
DA:64,1
DA:66,1
DA:67,3
DA:68,1
DA:69,1
DA:70,1
DA:73,3
DA:74,1
DA:76,1
DA:78,1
DA:79,0
DA:80,0
DA:82,1
DA:91,1
DA:93,1
DA:95,1
DA:97,1
DA:98,3
DA:99,1
DA:100,1
DA:101,1
DA:103,1
DA:106,1
DA:117,1
DA:119,1
DA:121,1
DA:123,0
DA:124,0
DA:125,0
DA:134,1
DA:136,1
DA:138,1
DA:140,1
DA:141,2
DA:142,1
DA:151,1
DA:153,1
DA:155,1
DA:156,1
DA:157,1
DA:158,1
DA:159,1
DA:160,1
DA:161,1
DA:163,1
LF:68
LH:63
end_of_record
SF:lib/pages/home_screen.dart
DA:11,1
DA:13,1
DA:15,2
DA:16,1
DA:17,1
DA:20,0
DA:21,1
DA:38,1
DA:40,1
DA:42,1
DA:43,1
DA:44,1
DA:47,1
DA:49,1
DA:51,1
DA:52,1
DA:53,1
DA:54,2
DA:55,2
DA:57,1
DA:58,2
DA:59,2
LF:22
LH:21
end_of_record
SF:lib/pages/house_church_screen.dart
DA:12,1
DA:16,1
DA:18,1
DA:19,1
DA:25,1
DA:27,2
DA:28,1
DA:29,1
DA:30,2
DA:31,1
DA:32,1
DA:41,1
DA:43,1
DA:44,1
DA:46,1
DA:47,1
DA:48,1
DA:51,1
DA:53,1
DA:54,3
DA:55,1
DA:58,1
DA:59,0
DA:60,2
DA:66,1
DA:67,1
DA:68,0
DA:71,1
DA:72,2
DA:73,1
DA:74,1
DA:75,1
DA:76,1
DA:77,1
DA:79,1
DA:82,2
DA:85,1
DA:87,1
DA:94,2
DA:100,2
LF:40
LH:38
end_of_record
SF:lib/pages/ministries_screen.dart
DA:12,1
DA:14,1
DA:16,1
DA:17,1
DA:18,0
DA:21,1
DA:33,1
DA:35,1
DA:37,2
DA:38,2
DA:39,2
DA:40,1
DA:41,4
DA:43,1
DA:44,2
DA:50,1
DA:52,1
DA:54,1
DA:56,2
DA:57,1
DA:70,1
DA:78,1
DA:86,1
DA:87,1
DA:88,1
DA:89,1
LF:26
LH:25
end_of_record
SF:lib/constants/other_widgets.dart
DA:9,1
DA:22,1
DA:24,1
DA:25,0
DA:26,1
DA:29,1
DA:30,1
DA:31,3
DA:35,1
DA:37,1
DA:39,1
DA:40,1
DA:41,1
DA:42,3
DA:53,1
DA:64,1
DA:66,1
DA:70,1
DA:72,1
DA:74,1
DA:75,1
DA:77,1
DA:78,2
DA:79,1
DA:80,2
DA:81,2
DA:83,1
DA:84,1
DA:85,2
DA:90,1
DA:92,3
DA:102,0
DA:115,0
DA:117,0
DA:118,0
DA:119,0
DA:122,0
DA:123,0
DA:124,0
DA:128,0
DA:130,0
DA:133,0
DA:134,0
DA:135,0
DA:136,0
DA:142,0
DA:143,0
DA:144,0
LF:48
LH:30
end_of_record
